<?xml version="1.0" encoding="UTF-8"?>
<testsuite xmlns:xsi="http://www.w3.org/2001/XMLSchema-instance" xsi:noNamespaceSchemaLocation="https://maven.apache.org/surefire/maven-surefire-plugin/xsd/surefire-test-report-3.0.xsd" version="3.0" name="com.example.demo.services.FileManagementTests" time="15.115" tests="9" errors="0" skipped="0" failures="0">
  <properties>
[...]
</properties>
  <testcase name="addFileTest" classname="com.example.demo.services.FileManagementTests" time="3.204">
    <system-out><![CDATA[13:29:05.803 [main] DEBUG org.springframework.test.context.BootstrapUtils - Instantiating CacheAwareContextLoaderDelegate from class [org.springframework.test.context.cache.DefaultCacheAwareContextLoaderDelegate]
13:29:05.830 [main] DEBUG org.springframework.test.context.BootstrapUtils - Instantiating BootstrapContext using constructor [public org.springframework.test.context.support.DefaultBootstrapContext(java.lang.Class,org.springframework.test.context.CacheAwareContextLoaderDelegate)]
13:29:05.935 [main] DEBUG org.springframework.test.context.BootstrapUtils - Instantiating TestContextBootstrapper for test class [com.example.demo.services.FileManagementTests] from class [org.springframework.boot.test.context.SpringBootTestContextBootstrapper]
13:29:05.967 [main] INFO org.springframework.boot.test.context.SpringBootTestContextBootstrapper - Neither @ContextConfiguration nor @ContextHierarchy found for test class [com.example.demo.services.FileManagementTests], using SpringBootContextLoader
13:29:05.979 [main] DEBUG org.springframework.test.context.support.AbstractContextLoader - Did not detect default resource location for test class [com.example.demo.services.FileManagementTests]: class path resource [com/example/demo/services/FileManagementTests-context.xml] does not exist
13:29:05.980 [main] DEBUG org.springframework.test.context.support.AbstractContextLoader - Did not detect default resource location for test class [com.example.demo.services.FileManagementTests]: class path resource [com/example/demo/services/FileManagementTestsContext.groovy] does not exist
13:29:05.980 [main] INFO org.springframework.test.context.support.AbstractContextLoader - Could not detect default resource locations for test class [com.example.demo.services.FileManagementTests]: no resource found for suffixes {-context.xml, Context.groovy}.
13:29:05.983 [main] INFO org.springframework.test.context.support.AnnotationConfigContextLoaderUtils - Could not detect default configuration classes for test class [com.example.demo.services.FileManagementTests]: FileManagementTests does not declare any static, non-private, non-final, nested classes annotated with @Configuration.
13:29:06.104 [main] DEBUG org.springframework.test.context.support.ActiveProfilesUtils - Could not find an 'annotation declaring class' for annotation type [org.springframework.test.context.ActiveProfiles] and class [com.example.demo.services.FileManagementTests]
13:29:06.264 [main] DEBUG org.springframework.context.annotation.ClassPathScanningCandidateComponentProvider - Identified candidate component class: file [D:\Spring\ProjectManagement\target\classes\com\example\demo\EmpCrudApplication.class]
13:29:06.266 [main] INFO org.springframework.boot.test.context.SpringBootTestContextBootstrapper - Found @SpringBootConfiguration com.example.demo.EmpCrudApplication for test class com.example.demo.services.FileManagementTests
13:29:06.538 [main] DEBUG org.springframework.boot.test.context.SpringBootTestContextBootstrapper - @TestExecutionListeners is not present for class [com.example.demo.services.FileManagementTests]: using defaults.
13:29:06.539 [main] INFO org.springframework.boot.test.context.SpringBootTestContextBootstrapper - Loaded default TestExecutionListener class names from location [META-INF/spring.factories]: [org.springframework.boot.test.mock.mockito.MockitoTestExecutionListener, org.springframework.boot.test.mock.mockito.ResetMocksTestExecutionListener, org.springframework.boot.test.autoconfigure.restdocs.RestDocsTestExecutionListener, org.springframework.boot.test.autoconfigure.web.client.MockRestServiceServerResetTestExecutionListener, org.springframework.boot.test.autoconfigure.web.servlet.MockMvcPrintOnlyOnFailureTestExecutionListener, org.springframework.boot.test.autoconfigure.web.servlet.WebDriverTestExecutionListener, org.springframework.boot.test.autoconfigure.webservices.client.MockWebServiceServerTestExecutionListener, org.springframework.test.context.web.ServletTestExecutionListener, org.springframework.test.context.support.DirtiesContextBeforeModesTestExecutionListener, org.springframework.test.context.event.ApplicationEventsTestExecutionListener, org.springframework.test.context.support.DependencyInjectionTestExecutionListener, org.springframework.test.context.support.DirtiesContextTestExecutionListener, org.springframework.test.context.transaction.TransactionalTestExecutionListener, org.springframework.test.context.jdbc.SqlScriptsTestExecutionListener, org.springframework.test.context.event.EventPublishingTestExecutionListener, org.springframework.security.test.context.support.WithSecurityContextTestExecutionListener, org.springframework.security.test.context.support.ReactorContextTestExecutionListener]
13:29:06.591 [main] INFO org.springframework.boot.test.context.SpringBootTestContextBootstrapper - Using TestExecutionListeners: [org.springframework.test.context.web.ServletTestExecutionListener@7544ac86, org.springframework.test.context.support.DirtiesContextBeforeModesTestExecutionListener@3b27b497, org.springframework.test.context.event.ApplicationEventsTestExecutionListener@b1534d3, org.springframework.boot.test.mock.mockito.MockitoTestExecutionListener@3c74aa0d, org.springframework.boot.test.autoconfigure.SpringBootDependencyInjectionTestExecutionListener@6c841199, org.springframework.test.context.support.DirtiesContextTestExecutionListener@6a818392, org.springframework.test.context.transaction.TransactionalTestExecutionListener@489091bd, org.springframework.test.context.jdbc.SqlScriptsTestExecutionListener@512d6e60, org.springframework.test.context.event.EventPublishingTestExecutionListener@1de9b505, org.springframework.security.test.context.support.WithSecurityContextTestExecutionListener@7b122839, org.springframework.security.test.context.support.ReactorContextTestExecutionListener@3743539f, org.springframework.boot.test.mock.mockito.ResetMocksTestExecutionListener@d277579, org.springframework.boot.test.autoconfigure.restdocs.RestDocsTestExecutionListener@5db6b845, org.springframework.boot.test.autoconfigure.web.client.MockRestServiceServerResetTestExecutionListener@378f002a, org.springframework.boot.test.autoconfigure.web.servlet.MockMvcPrintOnlyOnFailureTestExecutionListener@1afd72ef, org.springframework.boot.test.autoconfigure.web.servlet.WebDriverTestExecutionListener@2cc75074, org.springframework.boot.test.autoconfigure.webservices.client.MockWebServiceServerTestExecutionListener@445bb139]
13:29:06.599 [main] DEBUG org.springframework.test.context.support.AbstractDirtiesContextTestExecutionListener - Before test class: context [DefaultTestContext@70e94ecb testClass = FileManagementTests, testInstance = [null], testMethod = [null], testException = [null], mergedContextConfiguration = [WebMergedContextConfiguration@56cfe111 testClass = FileManagementTests, locations = '{}', classes = '{class com.example.demo.EmpCrudApplication}', contextInitializerClasses = '[]', activeProfiles = '{}', propertySourceLocations = '{}', propertySourceProperties = '{org.springframework.boot.test.context.SpringBootTestContextBootstrapper=true}', contextCustomizers = set[org.springframework.boot.test.context.filter.ExcludeFilterContextCustomizer@1e6308a9, org.springframework.boot.test.json.DuplicateJsonObjectContextCustomizerFactory$DuplicateJsonObjectContextCustomizer@5226e402, org.springframework.boot.test.mock.mockito.MockitoContextCustomizer@5b3e750c, org.springframework.boot.test.web.client.TestRestTemplateContextCustomizer@30404dba, org.springframework.boot.test.autoconfigure.actuate.metrics.MetricsExportContextCustomizerFactory$DisableMetricExportContextCustomizer@783efb48, org.springframework.boot.test.autoconfigure.properties.PropertyMappingContextCustomizer@0, org.springframework.boot.test.autoconfigure.web.servlet.WebDriverContextCustomizerFactory$Customizer@7906578e, org.springframework.boot.test.context.SpringBootTestArgs@1, org.springframework.boot.test.context.SpringBootTestWebEnvironment@53251a66], resourceBasePath = 'src/main/webapp', contextLoader = 'org.springframework.boot.test.context.SpringBootContextLoader', parent = [null]], attributes = map['org.springframework.test.context.web.ServletTestExecutionListener.activateListener' -> true]], class annotated with @DirtiesContext [false] with mode [null].
13:29:06.680 [main] DEBUG org.springframework.test.context.support.TestPropertySourceUtils - Adding inlined properties to environment: {spring.jmx.enabled=false, org.springframework.boot.test.context.SpringBootTestContextBootstrapper=true}

  .   ____          _            __ _ _
 /\\ / ___'_ __ _ _(_)_ __  __ _ \ \ \ \
( ( )\___ | '_ | '_| | '_ \/ _` | \ \ \ \
 \\/  ___)| |_)| | | | | || (_| |  ) ) ) )
  '  |____| .__|_| |_|_| |_\__, | / / / /
 =========|_|==============|___/=/_/_/_/
 :: Spring Boot ::                (v2.5.6)

2021-11-25 13:29:07.174  WARN 1692 --- [           main] ory$DuplicateJsonObjectContextCustomizer : 

Found multiple occurrences of org.json.JSONObject on the class path:

	jar:file:/C:/Users/nithi/.m2/repository/com/vaadin/external/google/android-json/0.0.20131108.vaadin1/android-json-0.0.20131108.vaadin1.jar!/org/json/JSONObject.class
	jar:file:/C:/Users/nithi/.m2/repository/org/json/json/20201115/json-20201115.jar!/org/json/JSONObject.class

You may wish to exclude one of them to ensure predictable runtime behavior

2021-11-25 13:29:07.211  INFO 1692 --- [           main] c.e.demo.services.FileManagementTests    : Starting FileManagementTests using Java 15 on DESKTOP-MET5FTU with PID 1692 (started by nithi in D:\Spring\ProjectManagement)
2021-11-25 13:29:07.215  INFO 1692 --- [           main] c.e.demo.services.FileManagementTests    : No active profile set, falling back to default profiles: default
2021-11-25 13:29:08.851  INFO 1692 --- [           main] .s.d.r.c.RepositoryConfigurationDelegate : Bootstrapping Spring Data MongoDB repositories in DEFAULT mode.
2021-11-25 13:29:08.964  INFO 1692 --- [           main] .s.d.r.c.RepositoryConfigurationDelegate : Finished Spring Data repository scanning in 100 ms. Found 2 MongoDB repository interfaces.
2021-11-25 13:29:09.598  INFO 1692 --- [           main] trationDelegate$BeanPostProcessorChecker : Bean 'org.springframework.ws.config.annotation.DelegatingWsConfiguration' of type [org.springframework.ws.config.annotation.DelegatingWsConfiguration$$EnhancerBySpringCGLIB$$825b742c] is not eligible for getting processed by all BeanPostProcessors (for example: not eligible for auto-proxying)
2021-11-25 13:29:09.698  INFO 1692 --- [           main] .w.s.a.s.AnnotationActionEndpointMapping : Supporting [WS-Addressing August 2004, WS-Addressing 1.0]
2021-11-25 13:29:09.782  INFO 1692 --- [           main] trationDelegate$BeanPostProcessorChecker : Bean 'org.springframework.security.access.expression.method.DefaultMethodSecurityExpressionHandler@356ab368' of type [org.springframework.security.access.expression.method.DefaultMethodSecurityExpressionHandler] is not eligible for getting processed by all BeanPostProcessors (for example: not eligible for auto-proxying)
2021-11-25 13:29:09.802  INFO 1692 --- [           main] trationDelegate$BeanPostProcessorChecker : Bean 'methodSecurityMetadataSource' of type [org.springframework.security.access.method.DelegatingMethodSecurityMetadataSource] is not eligible for getting processed by all BeanPostProcessors (for example: not eligible for auto-proxying)
2021-11-25 13:29:10.175  INFO 1692 --- [           main] org.mongodb.driver.cluster               : Cluster created with settings {hosts=[127.0.0.1:27017], srvHost=sandbox.b4k4b.mongodb.net, mode=MULTIPLE, requiredClusterType=REPLICA_SET, serverSelectionTimeout='30000 ms', requiredReplicaSetName='atlas-hs9b0i-shard-0'}
2021-11-25 13:29:10.218  INFO 1692 --- [k4b.mongodb.net] org.mongodb.driver.cluster               : Adding discovered server sandbox-shard-00-00.b4k4b.mongodb.net:27017 to client view of cluster
2021-11-25 13:29:10.257  INFO 1692 --- [k4b.mongodb.net] org.mongodb.driver.cluster               : Adding discovered server sandbox-shard-00-02.b4k4b.mongodb.net:27017 to client view of cluster
2021-11-25 13:29:10.259  INFO 1692 --- [k4b.mongodb.net] org.mongodb.driver.cluster               : Adding discovered server sandbox-shard-00-01.b4k4b.mongodb.net:27017 to client view of cluster
2021-11-25 13:29:11.489  INFO 1692 --- [ngodb.net:27017] org.mongodb.driver.connection            : Opened connection [connectionId{localValue:3, serverValue:644142}] to sandbox-shard-00-00.b4k4b.mongodb.net:27017
2021-11-25 13:29:11.489  INFO 1692 --- [ngodb.net:27017] org.mongodb.driver.connection            : Opened connection [connectionId{localValue:5, serverValue:650217}] to sandbox-shard-00-02.b4k4b.mongodb.net:27017
2021-11-25 13:29:11.489  INFO 1692 --- [ngodb.net:27017] org.mongodb.driver.connection            : Opened connection [connectionId{localValue:1, serverValue:641272}] to sandbox-shard-00-01.b4k4b.mongodb.net:27017
2021-11-25 13:29:11.489  INFO 1692 --- [ngodb.net:27017] org.mongodb.driver.connection            : Opened connection [connectionId{localValue:2, serverValue:644142}] to sandbox-shard-00-00.b4k4b.mongodb.net:27017
2021-11-25 13:29:11.489  INFO 1692 --- [ngodb.net:27017] org.mongodb.driver.connection            : Opened connection [connectionId{localValue:6, serverValue:641272}] to sandbox-shard-00-01.b4k4b.mongodb.net:27017
2021-11-25 13:29:11.490  INFO 1692 --- [ngodb.net:27017] org.mongodb.driver.cluster               : Monitor thread successfully connected to server with description ServerDescription{address=sandbox-shard-00-00.b4k4b.mongodb.net:27017, type=REPLICA_SET_SECONDARY, state=CONNECTED, ok=true, minWireVersion=0, maxWireVersion=9, maxDocumentSize=16777216, logicalSessionTimeoutMinutes=30, roundTripTimeNanos=725155100, setName='atlas-hs9b0i-shard-0', canonicalAddress=sandbox-shard-00-00.b4k4b.mongodb.net:27017, hosts=[sandbox-shard-00-00.b4k4b.mongodb.net:27017, sandbox-shard-00-02.b4k4b.mongodb.net:27017, sandbox-shard-00-01.b4k4b.mongodb.net:27017], passives=[], arbiters=[], primary='sandbox-shard-00-02.b4k4b.mongodb.net:27017', tagSet=TagSet{[Tag{name='nodeType', value='ELECTABLE'}, Tag{name='provider', value='AWS'}, Tag{name='region', value='US_EAST_1'}, Tag{name='workloadType', value='OPERATIONAL'}]}, electionId=null, setVersion=10, topologyVersion=TopologyVersion{processId=61856458f366b36a475f5fab, counter=4}, lastWriteDate=Thu Nov 25 13:29:11 IST 2021, lastUpdateTimeNanos=80618973400800}
2021-11-25 13:29:11.490  INFO 1692 --- [ngodb.net:27017] org.mongodb.driver.cluster               : Monitor thread successfully connected to server with description ServerDescription{address=sandbox-shard-00-01.b4k4b.mongodb.net:27017, type=REPLICA_SET_SECONDARY, state=CONNECTED, ok=true, minWireVersion=0, maxWireVersion=9, maxDocumentSize=16777216, logicalSessionTimeoutMinutes=30, roundTripTimeNanos=722956900, setName='atlas-hs9b0i-shard-0', canonicalAddress=sandbox-shard-00-01.b4k4b.mongodb.net:27017, hosts=[sandbox-shard-00-00.b4k4b.mongodb.net:27017, sandbox-shard-00-02.b4k4b.mongodb.net:27017, sandbox-shard-00-01.b4k4b.mongodb.net:27017], passives=[], arbiters=[], primary='sandbox-shard-00-02.b4k4b.mongodb.net:27017', tagSet=TagSet{[Tag{name='nodeType', value='ELECTABLE'}, Tag{name='provider', value='AWS'}, Tag{name='region', value='US_EAST_1'}, Tag{name='workloadType', value='OPERATIONAL'}]}, electionId=null, setVersion=10, topologyVersion=TopologyVersion{processId=61856599d4328e3448bd2f98, counter=3}, lastWriteDate=Thu Nov 25 13:29:11 IST 2021, lastUpdateTimeNanos=80618973023500}
2021-11-25 13:29:12.099  INFO 1692 --- [ngodb.net:27017] org.mongodb.driver.connection            : Opened connection [connectionId{localValue:4, serverValue:650237}] to sandbox-shard-00-02.b4k4b.mongodb.net:27017
2021-11-25 13:29:12.099  INFO 1692 --- [ngodb.net:27017] org.mongodb.driver.cluster               : Monitor thread successfully connected to server with description ServerDescription{address=sandbox-shard-00-02.b4k4b.mongodb.net:27017, type=REPLICA_SET_PRIMARY, state=CONNECTED, ok=true, minWireVersion=0, maxWireVersion=9, maxDocumentSize=16777216, logicalSessionTimeoutMinutes=30, roundTripTimeNanos=1352830200, setName='atlas-hs9b0i-shard-0', canonicalAddress=sandbox-shard-00-02.b4k4b.mongodb.net:27017, hosts=[sandbox-shard-00-00.b4k4b.mongodb.net:27017, sandbox-shard-00-02.b4k4b.mongodb.net:27017, sandbox-shard-00-01.b4k4b.mongodb.net:27017], passives=[], arbiters=[], primary='sandbox-shard-00-02.b4k4b.mongodb.net:27017', tagSet=TagSet{[Tag{name='nodeType', value='ELECTABLE'}, Tag{name='provider', value='AWS'}, Tag{name='region', value='US_EAST_1'}, Tag{name='workloadType', value='OPERATIONAL'}]}, electionId=7fffffff000000000000006b, setVersion=10, topologyVersion=TopologyVersion{processId=618565054c9852419c6c535e, counter=6}, lastWriteDate=Thu Nov 25 13:29:11 IST 2021, lastUpdateTimeNanos=80619586027500}
2021-11-25 13:29:12.100  INFO 1692 --- [ngodb.net:27017] org.mongodb.driver.cluster               : Setting max election id to 7fffffff000000000000006b from replica set primary sandbox-shard-00-02.b4k4b.mongodb.net:27017
2021-11-25 13:29:12.101  INFO 1692 --- [ngodb.net:27017] org.mongodb.driver.cluster               : Setting max set version to 10 from replica set primary sandbox-shard-00-02.b4k4b.mongodb.net:27017
2021-11-25 13:29:12.101  INFO 1692 --- [ngodb.net:27017] org.mongodb.driver.cluster               : Discovered replica set primary sandbox-shard-00-02.b4k4b.mongodb.net:27017
2021-11-25 13:29:13.160  INFO 1692 --- [           main] c.e.demo.service.defect.DefectService    : Constructor to class DefectService initialized
2021-11-25 13:29:14.596  INFO 1692 --- [           main] o.s.s.web.DefaultSecurityFilterChain     : Will secure any request with [org.springframework.security.web.context.request.async.WebAsyncManagerIntegrationFilter@2f474e6f, org.springframework.security.web.context.SecurityContextPersistenceFilter@47609e3d, org.springframework.security.web.header.HeaderWriterFilter@44473749, org.springframework.web.filter.CorsFilter@6fcafcfe, org.springframework.security.web.authentication.logout.LogoutFilter@2fc8e9b8, com.example.demo.security.jwt.AuthTokenFilter@78cfa18c, org.springframework.security.web.savedrequest.RequestCacheAwareFilter@72b92ce6, org.springframework.security.web.servletapi.SecurityContextHolderAwareRequestFilter@2a7c82e, org.springframework.security.web.authentication.AnonymousAuthenticationFilter@561f013f, org.springframework.security.web.session.SessionManagementFilter@3d7fc4b3, org.springframework.security.web.access.ExceptionTranslationFilter@23338420, org.springframework.security.web.access.intercept.FilterSecurityInterceptor@5a52b5f8]
2021-11-25 13:29:15.408  INFO 1692 --- [           main] c.e.demo.services.FileManagementTests    : Started FileManagementTests in 8.715 seconds (JVM running for 11.175)
2021-11-25 13:29:16.674  INFO 1692 --- [   scheduling-1] org.mongodb.driver.connection            : Opened connection [connectionId{localValue:7, serverValue:650358}] to sandbox-shard-00-02.b4k4b.mongodb.net:27017
2021-11-25 13:29:17.222  INFO 1692 --- [   scheduling-1] c.e.demo.schedulers.ScheduledTasks       : 2021/11/25 13:29:16 5 added
2021-11-25 13:29:18.372  INFO 1692 --- [           main] org.mongodb.driver.connection            : Opened connection [connectionId{localValue:8, serverValue:650363}] to sandbox-shard-00-02.b4k4b.mongodb.net:27017
]]></system-out>
  </testcase>
  <testcase name="deleteAllFilesTest" classname="com.example.demo.services.FileManagementTests" time="0.236"/>
  <testcase name="uploadToCloudinaryTest" classname="com.example.demo.services.FileManagementTests" time="0.419"/>
  <testcase name="getFileByAssetIdTest" classname="com.example.demo.services.FileManagementTests" time="0.249"/>
  <testcase name="updateFileByIdAndAssetIdTest" classname="com.example.demo.services.FileManagementTests" time="0.678"/>
  <testcase name="contextLoads" classname="com.example.demo.services.FileManagementTests" time="0.003"/>
  <testcase name="getAllFilesTest" classname="com.example.demo.services.FileManagementTests" time="0.246"/>
  <testcase name="FileCountTest" classname="com.example.demo.services.FileManagementTests" time="0.008"/>
  <testcase name="getFileByIdTest" classname="com.example.demo.services.FileManagementTests" time="0.24"/>
</testsuite>